{"/home/nakamize/projects/ujmikamiapp/frontend/src/App.tsx": {"path":"/home/nakamize/projects/ujmikamiapp/frontend/src/App.tsx","statementMap":{"0":{"start":{"line":81,"column":25},"end":{"line":84,"column":1}},"1":{"start":{"line":86,"column":21},"end":{"line":86,"column":82}},"2":{"start":{"line":89,"column":2},"end":{"line":91,"column":3}},"3":{"start":{"line":90,"column":4},"end":{"line":90,"column":21}},"4":{"start":{"line":92,"column":2},"end":{"line":94,"column":3}},"5":{"start":{"line":93,"column":4},"end":{"line":93,"column":15}},"6":{"start":{"line":95,"column":2},"end":{"line":95,"column":33}},"7":{"start":{"line":98,"column":18},"end":{"line":104,"column":1}},"8":{"start":{"line":107,"column":48},"end":{"line":107,"column":72}},"9":{"start":{"line":108,"column":34},"end":{"line":108,"column":60}},"10":{"start":{"line":109,"column":36},"end":{"line":109,"column":50}},"11":{"start":{"line":110,"column":32},"end":{"line":110,"column":61}},"12":{"start":{"line":111,"column":40},"end":{"line":111,"column":74}},"13":{"start":{"line":112,"column":42},"end":{"line":112,"column":72}},"14":{"start":{"line":113,"column":41},"end":{"line":113,"column":69}},"15":{"start":{"line":115,"column":2},"end":{"line":226,"column":9}},"16":{"start":{"line":116,"column":20},"end":{"line":116,"column":24}},"17":{"start":{"line":119,"column":6},"end":{"line":129,"column":7}},"18":{"start":{"line":120,"column":25},"end":{"line":120,"column":72}},"19":{"start":{"line":121,"column":8},"end":{"line":121,"column":33}},"20":{"start":{"line":121,"column":26},"end":{"line":121,"column":33}},"21":{"start":{"line":123,"column":38},"end":{"line":123,"column":59}},"22":{"start":{"line":124,"column":8},"end":{"line":126,"column":9}},"23":{"start":{"line":125,"column":10},"end":{"line":125,"column":31}},"24":{"start":{"line":133,"column":6},"end":{"line":155,"column":7}},"25":{"start":{"line":134,"column":25},"end":{"line":134,"column":69}},"26":{"start":{"line":135,"column":8},"end":{"line":137,"column":9}},"27":{"start":{"line":136,"column":10},"end":{"line":136,"column":17}},"28":{"start":{"line":139,"column":35},"end":{"line":139,"column":56}},"29":{"start":{"line":140,"column":8},"end":{"line":142,"column":9}},"30":{"start":{"line":141,"column":10},"end":{"line":141,"column":17}},"31":{"start":{"line":144,"column":40},"end":{"line":150,"column":11}},"32":{"start":{"line":144,"column":63},"end":{"line":150,"column":9}},"33":{"start":{"line":152,"column":8},"end":{"line":152,"column":40}},"34":{"start":{"line":159,"column":6},"end":{"line":172,"column":7}},"35":{"start":{"line":160,"column":25},"end":{"line":160,"column":73}},"36":{"start":{"line":161,"column":8},"end":{"line":163,"column":9}},"37":{"start":{"line":162,"column":10},"end":{"line":162,"column":17}},"38":{"start":{"line":165,"column":39},"end":{"line":165,"column":60}},"39":{"start":{"line":166,"column":8},"end":{"line":168,"column":9}},"40":{"start":{"line":167,"column":10},"end":{"line":167,"column":17}},"41":{"start":{"line":169,"column":8},"end":{"line":169,"column":29}},"42":{"start":{"line":176,"column":6},"end":{"line":189,"column":7}},"43":{"start":{"line":177,"column":25},"end":{"line":177,"column":66}},"44":{"start":{"line":178,"column":8},"end":{"line":180,"column":9}},"45":{"start":{"line":179,"column":10},"end":{"line":179,"column":17}},"46":{"start":{"line":182,"column":37},"end":{"line":182,"column":58}},"47":{"start":{"line":183,"column":8},"end":{"line":185,"column":9}},"48":{"start":{"line":184,"column":10},"end":{"line":184,"column":17}},"49":{"start":{"line":186,"column":8},"end":{"line":186,"column":28}},"50":{"start":{"line":193,"column":6},"end":{"line":215,"column":7}},"51":{"start":{"line":194,"column":25},"end":{"line":194,"column":70}},"52":{"start":{"line":195,"column":8},"end":{"line":195,"column":31}},"53":{"start":{"line":195,"column":24},"end":{"line":195,"column":31}},"54":{"start":{"line":197,"column":8},"end":{"line":199,"column":9}},"55":{"start":{"line":198,"column":10},"end":{"line":198,"column":70}},"56":{"start":{"line":201,"column":35},"end":{"line":201,"column":56}},"57":{"start":{"line":202,"column":8},"end":{"line":207,"column":9}},"58":{"start":{"line":203,"column":10},"end":{"line":205,"column":11}},"59":{"start":{"line":204,"column":12},"end":{"line":204,"column":30}},"60":{"start":{"line":206,"column":10},"end":{"line":206,"column":30}},"61":{"start":{"line":209,"column":8},"end":{"line":214,"column":9}},"62":{"start":{"line":210,"column":10},"end":{"line":212,"column":12}},"63":{"start":{"line":213,"column":10},"end":{"line":213,"column":30}},"64":{"start":{"line":218,"column":4},"end":{"line":218,"column":23}},"65":{"start":{"line":219,"column":4},"end":{"line":219,"column":20}},"66":{"start":{"line":220,"column":4},"end":{"line":220,"column":24}},"67":{"start":{"line":221,"column":4},"end":{"line":221,"column":20}},"68":{"start":{"line":222,"column":4},"end":{"line":222,"column":19}},"69":{"start":{"line":223,"column":4},"end":{"line":225,"column":6}},"70":{"start":{"line":224,"column":6},"end":{"line":224,"column":24}},"71":{"start":{"line":228,"column":32},"end":{"line":228,"column":81}},"72":{"start":{"line":230,"column":2},"end":{"line":306,"column":4}},"73":{"start":{"line":248,"column":29},"end":{"line":248,"column":74}}},"fnMap":{"0":{"name":"normalizeImageUrl","decl":{"start":{"line":88,"column":9},"end":{"line":88,"column":26}},"loc":{"start":{"line":88,"column":68},"end":{"line":96,"column":1}},"line":88},"1":{"name":"App","decl":{"start":{"line":106,"column":9},"end":{"line":106,"column":12}},"loc":{"start":{"line":106,"column":15},"end":{"line":307,"column":1}},"line":106},"2":{"name":"(anonymous_2)","decl":{"start":{"line":115,"column":12},"end":{"line":115,"column":13}},"loc":{"start":{"line":115,"column":18},"end":{"line":226,"column":3}},"line":115},"3":{"name":"fetchExperiences","decl":{"start":{"line":118,"column":19},"end":{"line":118,"column":35}},"loc":{"start":{"line":118,"column":38},"end":{"line":130,"column":5}},"line":118},"4":{"name":"fetchProjects","decl":{"start":{"line":132,"column":19},"end":{"line":132,"column":32}},"loc":{"start":{"line":132,"column":35},"end":{"line":156,"column":5}},"line":132},"5":{"name":"(anonymous_5)","decl":{"start":{"line":144,"column":49},"end":{"line":144,"column":50}},"loc":{"start":{"line":144,"column":63},"end":{"line":150,"column":9}},"line":144},"6":{"name":"fetchPublications","decl":{"start":{"line":158,"column":19},"end":{"line":158,"column":36}},"loc":{"start":{"line":158,"column":39},"end":{"line":173,"column":5}},"line":158},"7":{"name":"fetchAboutMe","decl":{"start":{"line":175,"column":19},"end":{"line":175,"column":31}},"loc":{"start":{"line":175,"column":34},"end":{"line":190,"column":5}},"line":175},"8":{"name":"fetchMLModels","decl":{"start":{"line":192,"column":19},"end":{"line":192,"column":32}},"loc":{"start":{"line":192,"column":35},"end":{"line":216,"column":5}},"line":192},"9":{"name":"(anonymous_9)","decl":{"start":{"line":223,"column":11},"end":{"line":223,"column":12}},"loc":{"start":{"line":223,"column":17},"end":{"line":225,"column":5}},"line":223},"10":{"name":"(anonymous_10)","decl":{"start":{"line":248,"column":24},"end":{"line":248,"column":25}},"loc":{"start":{"line":248,"column":29},"end":{"line":248,"column":74}},"line":248}},"branchMap":{"0":{"loc":{"start":{"line":86,"column":21},"end":{"line":86,"column":82}},"type":"binary-expr","locations":[{"start":{"line":86,"column":21},"end":{"line":86,"column":55}},{"start":{"line":86,"column":59},"end":{"line":86,"column":82}}],"line":86},"1":{"loc":{"start":{"line":89,"column":2},"end":{"line":91,"column":3}},"type":"if","locations":[{"start":{"line":89,"column":2},"end":{"line":91,"column":3}},{"start":{},"end":{}}],"line":89},"2":{"loc":{"start":{"line":92,"column":2},"end":{"line":94,"column":3}},"type":"if","locations":[{"start":{"line":92,"column":2},"end":{"line":94,"column":3}},{"start":{},"end":{}}],"line":92},"3":{"loc":{"start":{"line":92,"column":6},"end":{"line":92,"column":61}},"type":"binary-expr","locations":[{"start":{"line":92,"column":6},"end":{"line":92,"column":31}},{"start":{"line":92,"column":35},"end":{"line":92,"column":61}}],"line":92},"4":{"loc":{"start":{"line":121,"column":8},"end":{"line":121,"column":33}},"type":"if","locations":[{"start":{"line":121,"column":8},"end":{"line":121,"column":33}},{"start":{},"end":{}}],"line":121},"5":{"loc":{"start":{"line":124,"column":8},"end":{"line":126,"column":9}},"type":"if","locations":[{"start":{"line":124,"column":8},"end":{"line":126,"column":9}},{"start":{},"end":{}}],"line":124},"6":{"loc":{"start":{"line":124,"column":12},"end":{"line":124,"column":63}},"type":"binary-expr","locations":[{"start":{"line":124,"column":12},"end":{"line":124,"column":21}},{"start":{"line":124,"column":25},"end":{"line":124,"column":44}},{"start":{"line":124,"column":48},"end":{"line":124,"column":63}}],"line":124},"7":{"loc":{"start":{"line":135,"column":8},"end":{"line":137,"column":9}},"type":"if","locations":[{"start":{"line":135,"column":8},"end":{"line":137,"column":9}},{"start":{},"end":{}}],"line":135},"8":{"loc":{"start":{"line":140,"column":8},"end":{"line":142,"column":9}},"type":"if","locations":[{"start":{"line":140,"column":8},"end":{"line":142,"column":9}},{"start":{},"end":{}}],"line":140},"9":{"loc":{"start":{"line":140,"column":12},"end":{"line":140,"column":67}},"type":"binary-expr","locations":[{"start":{"line":140,"column":12},"end":{"line":140,"column":22}},{"start":{"line":140,"column":26},"end":{"line":140,"column":46}},{"start":{"line":140,"column":50},"end":{"line":140,"column":67}}],"line":140},"10":{"loc":{"start":{"line":161,"column":8},"end":{"line":163,"column":9}},"type":"if","locations":[{"start":{"line":161,"column":8},"end":{"line":163,"column":9}},{"start":{},"end":{}}],"line":161},"11":{"loc":{"start":{"line":166,"column":8},"end":{"line":168,"column":9}},"type":"if","locations":[{"start":{"line":166,"column":8},"end":{"line":168,"column":9}},{"start":{},"end":{}}],"line":166},"12":{"loc":{"start":{"line":166,"column":12},"end":{"line":166,"column":67}},"type":"binary-expr","locations":[{"start":{"line":166,"column":12},"end":{"line":166,"column":22}},{"start":{"line":166,"column":26},"end":{"line":166,"column":46}},{"start":{"line":166,"column":50},"end":{"line":166,"column":67}}],"line":166},"13":{"loc":{"start":{"line":178,"column":8},"end":{"line":180,"column":9}},"type":"if","locations":[{"start":{"line":178,"column":8},"end":{"line":180,"column":9}},{"start":{},"end":{}}],"line":178},"14":{"loc":{"start":{"line":183,"column":8},"end":{"line":185,"column":9}},"type":"if","locations":[{"start":{"line":183,"column":8},"end":{"line":185,"column":9}},{"start":{},"end":{}}],"line":183},"15":{"loc":{"start":{"line":183,"column":12},"end":{"line":183,"column":67}},"type":"binary-expr","locations":[{"start":{"line":183,"column":12},"end":{"line":183,"column":22}},{"start":{"line":183,"column":26},"end":{"line":183,"column":46}},{"start":{"line":183,"column":50},"end":{"line":183,"column":67}}],"line":183},"16":{"loc":{"start":{"line":195,"column":8},"end":{"line":195,"column":31}},"type":"if","locations":[{"start":{"line":195,"column":8},"end":{"line":195,"column":31}},{"start":{},"end":{}}],"line":195},"17":{"loc":{"start":{"line":197,"column":8},"end":{"line":199,"column":9}},"type":"if","locations":[{"start":{"line":197,"column":8},"end":{"line":199,"column":9}},{"start":{},"end":{}}],"line":197},"18":{"loc":{"start":{"line":202,"column":8},"end":{"line":207,"column":9}},"type":"if","locations":[{"start":{"line":202,"column":8},"end":{"line":207,"column":9}},{"start":{},"end":{}}],"line":202},"19":{"loc":{"start":{"line":203,"column":10},"end":{"line":205,"column":11}},"type":"if","locations":[{"start":{"line":203,"column":10},"end":{"line":205,"column":11}},{"start":{},"end":{}}],"line":203},"20":{"loc":{"start":{"line":203,"column":14},"end":{"line":203,"column":52}},"type":"binary-expr","locations":[{"start":{"line":203,"column":14},"end":{"line":203,"column":33}},{"start":{"line":203,"column":37},"end":{"line":203,"column":52}}],"line":203},"21":{"loc":{"start":{"line":209,"column":8},"end":{"line":214,"column":9}},"type":"if","locations":[{"start":{"line":209,"column":8},"end":{"line":214,"column":9}},{"start":{},"end":{}}],"line":209},"22":{"loc":{"start":{"line":211,"column":12},"end":{"line":211,"column":75}},"type":"cond-expr","locations":[{"start":{"line":211,"column":35},"end":{"line":211,"column":46}},{"start":{"line":211,"column":49},"end":{"line":211,"column":75}}],"line":211},"23":{"loc":{"start":{"line":228,"column":32},"end":{"line":228,"column":81}},"type":"cond-expr","locations":[{"start":{"line":228,"column":61},"end":{"line":228,"column":76}},{"start":{"line":228,"column":79},"end":{"line":228,"column":81}}],"line":228}},"s":{"0":1,"1":1,"2":0,"3":0,"4":0,"5":0,"6":0,"7":1,"8":2,"9":2,"10":2,"11":2,"12":2,"13":2,"14":2,"15":2,"16":2,"17":2,"18":2,"19":0,"20":0,"21":0,"22":0,"23":0,"24":2,"25":2,"26":0,"27":0,"28":0,"29":0,"30":0,"31":0,"32":0,"33":0,"34":2,"35":2,"36":0,"37":0,"38":0,"39":0,"40":0,"41":0,"42":2,"43":2,"44":0,"45":0,"46":0,"47":0,"48":0,"49":0,"50":2,"51":2,"52":0,"53":0,"54":0,"55":0,"56":0,"57":0,"58":0,"59":0,"60":0,"61":2,"62":2,"63":2,"64":2,"65":2,"66":2,"67":2,"68":2,"69":2,"70":2,"71":2,"72":2,"73":14},"f":{"0":0,"1":2,"2":2,"3":2,"4":2,"5":0,"6":2,"7":2,"8":2,"9":2,"10":14},"b":{"0":[1,1],"1":[0,0],"2":[0,0],"3":[0,0],"4":[0,0],"5":[0,0],"6":[0,0,0],"7":[0,0],"8":[0,0],"9":[0,0,0],"10":[0,0],"11":[0,0],"12":[0,0,0],"13":[0,0],"14":[0,0],"15":[0,0,0],"16":[0,0],"17":[0,0],"18":[0,0],"19":[0,0],"20":[0,0],"21":[2,0],"22":[2,0],"23":[0,2]},"_coverageSchema":"1a1c01bbd47fc00a2c39e90264f33305004495a9","hash":"9291cf462eee159ae70c5a0c2fe5fdf19aebb820"}
,"/home/nakamize/projects/ujmikamiapp/frontend/src/index.tsx": {"path":"/home/nakamize/projects/ujmikamiapp/frontend/src/index.tsx","statementMap":{"0":{"start":{"line":6,"column":15},"end":{"line":6,"column":61}},"1":{"start":{"line":7,"column":13},"end":{"line":7,"column":40}},"2":{"start":{"line":8,"column":0},"end":{"line":12,"column":2}}},"fnMap":{},"branchMap":{},"s":{"0":0,"1":0,"2":0},"f":{},"b":{}}
,"/home/nakamize/projects/ujmikamiapp/frontend/src/components/Card.tsx": {"path":"/home/nakamize/projects/ujmikamiapp/frontend/src/components/Card.tsx","statementMap":{"0":{"start":{"line":18,"column":2},"end":{"line":47,"column":4}},"1":{"start":{"line":33,"column":14},"end":{"line":41,"column":18}}},"fnMap":{"0":{"name":"Card","decl":{"start":{"line":17,"column":24},"end":{"line":17,"column":28}},"loc":{"start":{"line":17,"column":79},"end":{"line":48,"column":1}},"line":17},"1":{"name":"(anonymous_1)","decl":{"start":{"line":32,"column":23},"end":{"line":32,"column":24}},"loc":{"start":{"line":33,"column":14},"end":{"line":41,"column":18}},"line":33}},"branchMap":{"0":{"loc":{"start":{"line":20,"column":7},"end":{"line":24,"column":7}},"type":"binary-expr","locations":[{"start":{"line":20,"column":7},"end":{"line":20,"column":10}},{"start":{"line":21,"column":8},"end":{"line":23,"column":14}}],"line":20},"1":{"loc":{"start":{"line":29,"column":9},"end":{"line":29,"column":58}},"type":"binary-expr","locations":[{"start":{"line":29,"column":9},"end":{"line":29,"column":13}},{"start":{"line":29,"column":17},"end":{"line":29,"column":58}}],"line":29},"2":{"loc":{"start":{"line":30,"column":9},"end":{"line":44,"column":9}},"type":"binary-expr","locations":[{"start":{"line":30,"column":9},"end":{"line":30,"column":14}},{"start":{"line":30,"column":18},"end":{"line":30,"column":34}},{"start":{"line":31,"column":10},"end":{"line":43,"column":16}}],"line":30}},"s":{"0":0,"1":0},"f":{"0":0,"1":0},"b":{"0":[0,0],"1":[0,0],"2":[0,0,0]},"_coverageSchema":"1a1c01bbd47fc00a2c39e90264f33305004495a9","hash":"294e89637c4e47263378b84987686a1dce2f38e2"}
,"/home/nakamize/projects/ujmikamiapp/frontend/src/components/ChatWidget.tsx": {"path":"/home/nakamize/projects/ujmikamiapp/frontend/src/components/ChatWidget.tsx","statementMap":{"0":{"start":{"line":5,"column":23},"end":{"line":5,"column":59}},"1":{"start":{"line":6,"column":27},"end":{"line":6,"column":32}},"2":{"start":{"line":8,"column":2},"end":{"line":8,"column":170}},"3":{"start":{"line":18,"column":20},"end":{"line":18,"column":21}},"4":{"start":{"line":21,"column":2},"end":{"line":21,"column":21}},"5":{"start":{"line":22,"column":2},"end":{"line":22,"column":46}},"6":{"start":{"line":26,"column":30},"end":{"line":26,"column":45}},"7":{"start":{"line":27,"column":34},"end":{"line":27,"column":61}},"8":{"start":{"line":28,"column":28},"end":{"line":28,"column":40}},"9":{"start":{"line":29,"column":36},"end":{"line":29,"column":51}},"10":{"start":{"line":30,"column":40},"end":{"line":30,"column":55}},"11":{"start":{"line":32,"column":18},"end":{"line":32,"column":46}},"12":{"start":{"line":33,"column":27},"end":{"line":33,"column":39}},"13":{"start":{"line":35,"column":2},"end":{"line":40,"column":28}},"14":{"start":{"line":36,"column":17},"end":{"line":36,"column":32}},"15":{"start":{"line":37,"column":4},"end":{"line":39,"column":5}},"16":{"start":{"line":38,"column":6},"end":{"line":38,"column":41}},"17":{"start":{"line":43,"column":17},"end":{"line":43,"column":32}},"18":{"start":{"line":44,"column":4},"end":{"line":44,"column":22}},"19":{"start":{"line":44,"column":15},"end":{"line":44,"column":22}},"20":{"start":{"line":45,"column":31},"end":{"line":45,"column":85}},"21":{"start":{"line":46,"column":4},"end":{"line":46,"column":55}},"22":{"start":{"line":50,"column":4},"end":{"line":50,"column":67}},"23":{"start":{"line":50,"column":26},"end":{"line":50,"column":65}},"24":{"start":{"line":52,"column":4},"end":{"line":55,"column":5}},"25":{"start":{"line":53,"column":6},"end":{"line":53,"column":81}},"26":{"start":{"line":53,"column":28},"end":{"line":53,"column":79}},"27":{"start":{"line":54,"column":6},"end":{"line":54,"column":13}},"28":{"start":{"line":57,"column":4},"end":{"line":57,"column":36}},"29":{"start":{"line":58,"column":4},"end":{"line":58,"column":23}},"30":{"start":{"line":60,"column":23},"end":{"line":60,"column":44}},"31":{"start":{"line":61,"column":22},"end":{"line":61,"column":85}},"32":{"start":{"line":61,"column":46},"end":{"line":61,"column":64}},"33":{"start":{"line":63,"column":4},"end":{"line":105,"column":5}},"34":{"start":{"line":64,"column":23},"end":{"line":69,"column":8}},"35":{"start":{"line":71,"column":6},"end":{"line":73,"column":7}},"36":{"start":{"line":72,"column":8},"end":{"line":72,"column":73}},"37":{"start":{"line":75,"column":21},"end":{"line":75,"column":46}},"38":{"start":{"line":76,"column":22},"end":{"line":76,"column":39}},"39":{"start":{"line":77,"column":46},"end":{"line":77,"column":50}},"40":{"start":{"line":79,"column":6},"end":{"line":98,"column":7}},"41":{"start":{"line":80,"column":32},"end":{"line":80,"column":51}},"42":{"start":{"line":81,"column":8},"end":{"line":81,"column":24}},"43":{"start":{"line":81,"column":18},"end":{"line":81,"column":24}},"44":{"start":{"line":83,"column":22},"end":{"line":83,"column":61}},"45":{"start":{"line":84,"column":8},"end":{"line":84,"column":29}},"46":{"start":{"line":84,"column":20},"end":{"line":84,"column":29}},"47":{"start":{"line":86,"column":8},"end":{"line":97,"column":9}},"48":{"start":{"line":87,"column":10},"end":{"line":87,"column":30}},"49":{"start":{"line":88,"column":10},"end":{"line":88,"column":31}},"50":{"start":{"line":89,"column":26},"end":{"line":89,"column":59}},"51":{"start":{"line":90,"column":10},"end":{"line":90,"column":42}},"52":{"start":{"line":91,"column":10},"end":{"line":91,"column":52}},"53":{"start":{"line":91,"column":32},"end":{"line":91,"column":50}},"54":{"start":{"line":93,"column":21},"end":{"line":93,"column":39}},"55":{"start":{"line":94,"column":10},"end":{"line":96,"column":12}},"56":{"start":{"line":95,"column":12},"end":{"line":95,"column":85}},"57":{"start":{"line":95,"column":29},"end":{"line":95,"column":83}},"58":{"start":{"line":100,"column":6},"end":{"line":100,"column":81}},"59":{"start":{"line":100,"column":28},"end":{"line":100,"column":79}},"60":{"start":{"line":102,"column":6},"end":{"line":102,"column":37}},"61":{"start":{"line":103,"column":6},"end":{"line":103,"column":26}},"62":{"start":{"line":104,"column":6},"end":{"line":104,"column":28}},"63":{"start":{"line":109,"column":4},"end":{"line":109,"column":27}},"64":{"start":{"line":110,"column":18},"end":{"line":110,"column":30}},"65":{"start":{"line":111,"column":4},"end":{"line":111,"column":51}},"66":{"start":{"line":111,"column":44},"end":{"line":111,"column":51}},"67":{"start":{"line":112,"column":4},"end":{"line":112,"column":17}},"68":{"start":{"line":113,"column":4},"end":{"line":113,"column":23}},"69":{"start":{"line":116,"column":15},"end":{"line":116,"column":39}},"70":{"start":{"line":118,"column":2},"end":{"line":179,"column":4}},"71":{"start":{"line":127,"column":27},"end":{"line":127,"column":43}},"72":{"start":{"line":140,"column":12},"end":{"line":145,"column":18}},"73":{"start":{"line":160,"column":33},"end":{"line":160,"column":61}},"74":{"start":{"line":174,"column":23},"end":{"line":174,"column":49}},"75":{"start":{"line":174,"column":43},"end":{"line":174,"column":48}}},"fnMap":{"0":{"name":"createMessage","decl":{"start":{"line":20,"column":9},"end":{"line":20,"column":22}},"loc":{"start":{"line":20,"column":69},"end":{"line":23,"column":1}},"line":20},"1":{"name":"ChatWidget","decl":{"start":{"line":25,"column":24},"end":{"line":25,"column":34}},"loc":{"start":{"line":25,"column":37},"end":{"line":180,"column":1}},"line":25},"2":{"name":"(anonymous_2)","decl":{"start":{"line":35,"column":12},"end":{"line":35,"column":13}},"loc":{"start":{"line":35,"column":18},"end":{"line":40,"column":3}},"line":35},"3":{"name":"handleFeedScroll","decl":{"start":{"line":42,"column":11},"end":{"line":42,"column":27}},"loc":{"start":{"line":42,"column":30},"end":{"line":47,"column":3}},"line":42},"4":{"name":"sendMessage","decl":{"start":{"line":49,"column":17},"end":{"line":49,"column":28}},"loc":{"start":{"line":49,"column":44},"end":{"line":106,"column":3}},"line":49},"5":{"name":"(anonymous_5)","decl":{"start":{"line":50,"column":16},"end":{"line":50,"column":17}},"loc":{"start":{"line":50,"column":26},"end":{"line":50,"column":65}},"line":50},"6":{"name":"(anonymous_6)","decl":{"start":{"line":53,"column":18},"end":{"line":53,"column":19}},"loc":{"start":{"line":53,"column":28},"end":{"line":53,"column":79}},"line":53},"7":{"name":"(anonymous_7)","decl":{"start":{"line":61,"column":40},"end":{"line":61,"column":41}},"loc":{"start":{"line":61,"column":46},"end":{"line":61,"column":64}},"line":61},"8":{"name":"(anonymous_8)","decl":{"start":{"line":91,"column":22},"end":{"line":91,"column":23}},"loc":{"start":{"line":91,"column":32},"end":{"line":91,"column":50}},"line":91},"9":{"name":"(anonymous_9)","decl":{"start":{"line":94,"column":22},"end":{"line":94,"column":23}},"loc":{"start":{"line":95,"column":12},"end":{"line":95,"column":85}},"line":95},"10":{"name":"(anonymous_10)","decl":{"start":{"line":95,"column":21},"end":{"line":95,"column":22}},"loc":{"start":{"line":95,"column":29},"end":{"line":95,"column":83}},"line":95},"11":{"name":"(anonymous_11)","decl":{"start":{"line":100,"column":18},"end":{"line":100,"column":19}},"loc":{"start":{"line":100,"column":28},"end":{"line":100,"column":79}},"line":100},"12":{"name":"handleSubmit","decl":{"start":{"line":108,"column":11},"end":{"line":108,"column":23}},"loc":{"start":{"line":108,"column":42},"end":{"line":114,"column":3}},"line":108},"13":{"name":"(anonymous_13)","decl":{"start":{"line":127,"column":21},"end":{"line":127,"column":22}},"loc":{"start":{"line":127,"column":27},"end":{"line":127,"column":43}},"line":127},"14":{"name":"(anonymous_14)","decl":{"start":{"line":139,"column":24},"end":{"line":139,"column":25}},"loc":{"start":{"line":140,"column":12},"end":{"line":145,"column":18}},"line":140},"15":{"name":"(anonymous_15)","decl":{"start":{"line":160,"column":22},"end":{"line":160,"column":23}},"loc":{"start":{"line":160,"column":33},"end":{"line":160,"column":61}},"line":160},"16":{"name":"(anonymous_16)","decl":{"start":{"line":174,"column":17},"end":{"line":174,"column":18}},"loc":{"start":{"line":174,"column":23},"end":{"line":174,"column":49}},"line":174},"17":{"name":"(anonymous_17)","decl":{"start":{"line":174,"column":33},"end":{"line":174,"column":34}},"loc":{"start":{"line":174,"column":43},"end":{"line":174,"column":48}},"line":174}},"branchMap":{"0":{"loc":{"start":{"line":37,"column":4},"end":{"line":39,"column":5}},"type":"if","locations":[{"start":{"line":37,"column":4},"end":{"line":39,"column":5}},{"start":{},"end":{}}],"line":37},"1":{"loc":{"start":{"line":37,"column":8},"end":{"line":37,"column":40}},"type":"binary-expr","locations":[{"start":{"line":37,"column":8},"end":{"line":37,"column":12}},{"start":{"line":37,"column":16},"end":{"line":37,"column":40}}],"line":37},"2":{"loc":{"start":{"line":44,"column":4},"end":{"line":44,"column":22}},"type":"if","locations":[{"start":{"line":44,"column":4},"end":{"line":44,"column":22}},{"start":{},"end":{}}],"line":44},"3":{"loc":{"start":{"line":52,"column":4},"end":{"line":55,"column":5}},"type":"if","locations":[{"start":{"line":52,"column":4},"end":{"line":55,"column":5}},{"start":{},"end":{}}],"line":52},"4":{"loc":{"start":{"line":71,"column":6},"end":{"line":73,"column":7}},"type":"if","locations":[{"start":{"line":71,"column":6},"end":{"line":73,"column":7}},{"start":{},"end":{}}],"line":71},"5":{"loc":{"start":{"line":71,"column":10},"end":{"line":71,"column":40}},"type":"binary-expr","locations":[{"start":{"line":71,"column":10},"end":{"line":71,"column":22}},{"start":{"line":71,"column":26},"end":{"line":71,"column":40}}],"line":71},"6":{"loc":{"start":{"line":81,"column":8},"end":{"line":81,"column":24}},"type":"if","locations":[{"start":{"line":81,"column":8},"end":{"line":81,"column":24}},{"start":{},"end":{}}],"line":81},"7":{"loc":{"start":{"line":84,"column":8},"end":{"line":84,"column":29}},"type":"if","locations":[{"start":{"line":84,"column":8},"end":{"line":84,"column":29}},{"start":{},"end":{}}],"line":84},"8":{"loc":{"start":{"line":86,"column":8},"end":{"line":97,"column":9}},"type":"if","locations":[{"start":{"line":86,"column":8},"end":{"line":97,"column":9}},{"start":{"line":92,"column":15},"end":{"line":97,"column":9}}],"line":86},"9":{"loc":{"start":{"line":95,"column":29},"end":{"line":95,"column":83}},"type":"cond-expr","locations":[{"start":{"line":95,"column":43},"end":{"line":95,"column":79}},{"start":{"line":95,"column":82},"end":{"line":95,"column":83}}],"line":95},"10":{"loc":{"start":{"line":111,"column":4},"end":{"line":111,"column":51}},"type":"if","locations":[{"start":{"line":111,"column":4},"end":{"line":111,"column":51}},{"start":{},"end":{}}],"line":111},"11":{"loc":{"start":{"line":111,"column":8},"end":{"line":111,"column":42}},"type":"binary-expr","locations":[{"start":{"line":111,"column":8},"end":{"line":111,"column":14}},{"start":{"line":111,"column":18},"end":{"line":111,"column":27}},{"start":{"line":111,"column":31},"end":{"line":111,"column":42}}],"line":111},"12":{"loc":{"start":{"line":116,"column":15},"end":{"line":116,"column":39}},"type":"binary-expr","locations":[{"start":{"line":116,"column":15},"end":{"line":116,"column":24}},{"start":{"line":116,"column":28},"end":{"line":116,"column":39}}],"line":116},"13":{"loc":{"start":{"line":120,"column":44},"end":{"line":120,"column":84}},"type":"cond-expr","locations":[{"start":{"line":120,"column":53},"end":{"line":120,"column":79}},{"start":{"line":120,"column":82},"end":{"line":120,"column":84}}],"line":120},"14":{"loc":{"start":{"line":134,"column":11},"end":{"line":138,"column":11}},"type":"binary-expr","locations":[{"start":{"line":134,"column":11},"end":{"line":134,"column":32}},{"start":{"line":135,"column":12},"end":{"line":137,"column":18}}],"line":134},"15":{"loc":{"start":{"line":147,"column":11},"end":{"line":153,"column":11}},"type":"binary-expr","locations":[{"start":{"line":147,"column":11},"end":{"line":147,"column":20}},{"start":{"line":148,"column":12},"end":{"line":152,"column":18}}],"line":147},"16":{"loc":{"start":{"line":164,"column":42},"end":{"line":164,"column":75}},"type":"binary-expr","locations":[{"start":{"line":164,"column":42},"end":{"line":164,"column":46}},{"start":{"line":164,"column":50},"end":{"line":164,"column":75}}],"line":164},"17":{"loc":{"start":{"line":173,"column":20},"end":{"line":173,"column":55}},"type":"cond-expr","locations":[{"start":{"line":173,"column":29},"end":{"line":173,"column":41}},{"start":{"line":173,"column":44},"end":{"line":173,"column":55}}],"line":173},"18":{"loc":{"start":{"line":176,"column":9},"end":{"line":176,"column":28}},"type":"cond-expr","locations":[{"start":{"line":176,"column":18},"end":{"line":176,"column":21}},{"start":{"line":176,"column":24},"end":{"line":176,"column":28}}],"line":176}},"s":{"0":2,"1":2,"2":2,"3":2,"4":2,"5":2,"6":34,"7":34,"8":34,"9":34,"10":34,"11":34,"12":34,"13":34,"14":5,"15":5,"16":5,"17":0,"18":0,"19":0,"20":0,"21":0,"22":1,"23":1,"24":1,"25":1,"26":1,"27":1,"28":0,"29":0,"30":0,"31":0,"32":0,"33":0,"34":0,"35":0,"36":0,"37":0,"38":0,"39":0,"40":0,"41":0,"42":0,"43":0,"44":0,"45":0,"46":0,"47":0,"48":0,"49":0,"50":0,"51":0,"52":0,"53":0,"54":0,"55":0,"56":0,"57":0,"58":0,"59":0,"60":0,"61":0,"62":0,"63":1,"64":1,"65":1,"66":0,"67":1,"68":1,"69":34,"70":34,"71":0,"72":2,"73":27,"74":2,"75":2},"f":{"0":2,"1":34,"2":5,"3":0,"4":1,"5":1,"6":1,"7":0,"8":0,"9":0,"10":0,"11":0,"12":1,"13":0,"14":2,"15":27,"16":2,"17":2},"b":{"0":[5,0],"1":[5,5],"2":[0,0],"3":[1,0],"4":[0,0],"5":[0,0],"6":[0,0],"7":[0,0],"8":[0,0],"9":[0,0],"10":[0,1],"11":[1,1,1],"12":[34,34],"13":[30,4],"14":[34,33],"15":[34,0],"16":[34,34],"17":[30,4],"18":[30,4]},"_coverageSchema":"1a1c01bbd47fc00a2c39e90264f33305004495a9","hash":"e0f414ee76c6e67cf147f5ccc5268aed4c4a7bdc"}
,"/home/nakamize/projects/ujmikamiapp/frontend/src/components/Footer.tsx": {"path":"/home/nakamize/projects/ujmikamiapp/frontend/src/components/Footer.tsx","statementMap":{"0":{"start":{"line":4,"column":2},"end":{"line":33,"column":4}}},"fnMap":{"0":{"name":"Footer","decl":{"start":{"line":3,"column":24},"end":{"line":3,"column":30}},"loc":{"start":{"line":3,"column":33},"end":{"line":34,"column":1}},"line":3}},"branchMap":{},"s":{"0":2},"f":{"0":2},"b":{},"_coverageSchema":"1a1c01bbd47fc00a2c39e90264f33305004495a9","hash":"7ce90ace318fffc67b61bb2ac28b9112e319d159"}
,"/home/nakamize/projects/ujmikamiapp/frontend/src/components/Item.tsx": {"path":"/home/nakamize/projects/ujmikamiapp/frontend/src/components/Item.tsx","statementMap":{"0":{"start":{"line":11,"column":2},"end":{"line":18,"column":4}}},"fnMap":{"0":{"name":"Item","decl":{"start":{"line":10,"column":24},"end":{"line":10,"column":28}},"loc":{"start":{"line":10,"column":68},"end":{"line":19,"column":1}},"line":10}},"branchMap":{"0":{"loc":{"start":{"line":13,"column":7},"end":{"line":13,"column":62}},"type":"binary-expr","locations":[{"start":{"line":13,"column":7},"end":{"line":13,"column":11}},{"start":{"line":13,"column":15},"end":{"line":13,"column":62}}],"line":13},"1":{"loc":{"start":{"line":14,"column":7},"end":{"line":14,"column":65}},"type":"binary-expr","locations":[{"start":{"line":14,"column":7},"end":{"line":14,"column":10}},{"start":{"line":14,"column":14},"end":{"line":14,"column":65}}],"line":14}},"s":{"0":0},"f":{"0":0},"b":{"0":[0,0],"1":[0,0]},"_coverageSchema":"1a1c01bbd47fc00a2c39e90264f33305004495a9","hash":"4e501459cb7f616e937cce3002ac9443068b822b"}
,"/home/nakamize/projects/ujmikamiapp/frontend/src/components/MLShowcase.tsx": {"path":"/home/nakamize/projects/ujmikamiapp/frontend/src/components/MLShowcase.tsx","statementMap":{"0":{"start":{"line":30,"column":2},"end":{"line":32,"column":46}},"1":{"start":{"line":32,"column":29},"end":{"line":32,"column":44}},"2":{"start":{"line":36,"column":2},"end":{"line":38,"column":3}},"3":{"start":{"line":37,"column":4},"end":{"line":37,"column":59}},"4":{"start":{"line":39,"column":2},"end":{"line":39,"column":23}},"5":{"start":{"line":44,"column":40},"end":{"line":44,"column":55}},"6":{"start":{"line":46,"column":2},"end":{"line":152,"column":4}},"7":{"start":{"line":77,"column":14},"end":{"line":82,"column":20}},"8":{"start":{"line":91,"column":14},"end":{"line":99,"column":18}},"9":{"start":{"line":108,"column":27},"end":{"line":108,"column":55}},"10":{"start":{"line":163,"column":20},"end":{"line":163,"column":61}},"11":{"start":{"line":164,"column":19},"end":{"line":164,"column":58}},"12":{"start":{"line":166,"column":2},"end":{"line":203,"column":4}},"13":{"start":{"line":197,"column":14},"end":{"line":197,"column":50}}},"fnMap":{"0":{"name":"formatMetricKey","decl":{"start":{"line":29,"column":9},"end":{"line":29,"column":24}},"loc":{"start":{"line":29,"column":46},"end":{"line":33,"column":1}},"line":29},"1":{"name":"(anonymous_1)","decl":{"start":{"line":32,"column":22},"end":{"line":32,"column":23}},"loc":{"start":{"line":32,"column":29},"end":{"line":32,"column":44}},"line":32},"2":{"name":"formatMetricValue","decl":{"start":{"line":35,"column":9},"end":{"line":35,"column":26}},"loc":{"start":{"line":35,"column":59},"end":{"line":40,"column":1}},"line":35},"3":{"name":"MLModelCard","decl":{"start":{"line":43,"column":9},"end":{"line":43,"column":20}},"loc":{"start":{"line":43,"column":56},"end":{"line":153,"column":1}},"line":43},"4":{"name":"(anonymous_4)","decl":{"start":{"line":76,"column":47},"end":{"line":76,"column":48}},"loc":{"start":{"line":77,"column":14},"end":{"line":82,"column":20}},"line":77},"5":{"name":"(anonymous_5)","decl":{"start":{"line":90,"column":29},"end":{"line":90,"column":30}},"loc":{"start":{"line":91,"column":14},"end":{"line":99,"column":18}},"line":91},"6":{"name":"(anonymous_6)","decl":{"start":{"line":108,"column":21},"end":{"line":108,"column":22}},"loc":{"start":{"line":108,"column":27},"end":{"line":108,"column":55}},"line":108},"7":{"name":"MLShowcase","decl":{"start":{"line":162,"column":24},"end":{"line":162,"column":34}},"loc":{"start":{"line":162,"column":80},"end":{"line":204,"column":1}},"line":162},"8":{"name":"(anonymous_8)","decl":{"start":{"line":196,"column":24},"end":{"line":196,"column":25}},"loc":{"start":{"line":197,"column":14},"end":{"line":197,"column":50}},"line":197}},"branchMap":{"0":{"loc":{"start":{"line":36,"column":2},"end":{"line":38,"column":3}},"type":"if","locations":[{"start":{"line":36,"column":2},"end":{"line":38,"column":3}},{"start":{},"end":{}}],"line":36},"1":{"loc":{"start":{"line":37,"column":11},"end":{"line":37,"column":58}},"type":"cond-expr","locations":[{"start":{"line":37,"column":23},"end":{"line":37,"column":39}},{"start":{"line":37,"column":42},"end":{"line":37,"column":58}}],"line":37},"2":{"loc":{"start":{"line":50,"column":11},"end":{"line":54,"column":11}},"type":"binary-expr","locations":[{"start":{"line":50,"column":11},"end":{"line":50,"column":29}},{"start":{"line":51,"column":12},"end":{"line":53,"column":19}}],"line":50},"3":{"loc":{"start":{"line":55,"column":11},"end":{"line":59,"column":11}},"type":"binary-expr","locations":[{"start":{"line":55,"column":11},"end":{"line":55,"column":33}},{"start":{"line":56,"column":12},"end":{"line":58,"column":19}}],"line":55},"4":{"loc":{"start":{"line":60,"column":11},"end":{"line":62,"column":11}},"type":"binary-expr","locations":[{"start":{"line":60,"column":11},"end":{"line":60,"column":21}},{"start":{"line":61,"column":12},"end":{"line":61,"column":78}}],"line":60},"5":{"loc":{"start":{"line":63,"column":11},"end":{"line":65,"column":11}},"type":"binary-expr","locations":[{"start":{"line":63,"column":11},"end":{"line":63,"column":22}},{"start":{"line":64,"column":12},"end":{"line":64,"column":81}}],"line":63},"6":{"loc":{"start":{"line":74,"column":9},"end":{"line":85,"column":9}},"type":"binary-expr","locations":[{"start":{"line":74,"column":9},"end":{"line":74,"column":46}},{"start":{"line":75,"column":10},"end":{"line":84,"column":16}}],"line":74},"7":{"loc":{"start":{"line":88,"column":9},"end":{"line":102,"column":9}},"type":"binary-expr","locations":[{"start":{"line":88,"column":9},"end":{"line":88,"column":20}},{"start":{"line":88,"column":24},"end":{"line":88,"column":46}},{"start":{"line":89,"column":10},"end":{"line":101,"column":16}}],"line":88},"8":{"loc":{"start":{"line":105,"column":9},"end":{"line":113,"column":9}},"type":"binary-expr","locations":[{"start":{"line":105,"column":10},"end":{"line":105,"column":35}},{"start":{"line":105,"column":39},"end":{"line":105,"column":54}},{"start":{"line":106,"column":10},"end":{"line":112,"column":19}}],"line":105},"9":{"loc":{"start":{"line":107,"column":43},"end":{"line":107,"column":69}},"type":"cond-expr","locations":[{"start":{"line":107,"column":57},"end":{"line":107,"column":64}},{"start":{"line":107,"column":67},"end":{"line":107,"column":69}}],"line":107},"10":{"loc":{"start":{"line":111,"column":13},"end":{"line":111,"column":42}},"type":"cond-expr","locations":[{"start":{"line":111,"column":27},"end":{"line":111,"column":33}},{"start":{"line":111,"column":36},"end":{"line":111,"column":42}}],"line":111},"11":{"loc":{"start":{"line":116,"column":35},"end":{"line":116,"column":61}},"type":"cond-expr","locations":[{"start":{"line":116,"column":49},"end":{"line":116,"column":56}},{"start":{"line":116,"column":59},"end":{"line":116,"column":61}}],"line":116},"12":{"loc":{"start":{"line":118,"column":11},"end":{"line":123,"column":11}},"type":"binary-expr","locations":[{"start":{"line":118,"column":11},"end":{"line":118,"column":36}},{"start":{"line":119,"column":12},"end":{"line":122,"column":15}}],"line":118},"13":{"loc":{"start":{"line":124,"column":11},"end":{"line":129,"column":11}},"type":"binary-expr","locations":[{"start":{"line":124,"column":11},"end":{"line":124,"column":26}},{"start":{"line":125,"column":12},"end":{"line":128,"column":15}}],"line":124},"14":{"loc":{"start":{"line":130,"column":11},"end":{"line":148,"column":11}},"type":"binary-expr","locations":[{"start":{"line":130,"column":11},"end":{"line":130,"column":33}},{"start":{"line":131,"column":12},"end":{"line":147,"column":15}}],"line":130},"15":{"loc":{"start":{"line":134,"column":17},"end":{"line":145,"column":17}},"type":"cond-expr","locations":[{"start":{"line":135,"column":18},"end":{"line":142,"column":22}},{"start":{"line":144,"column":18},"end":{"line":144,"column":40}}],"line":134},"16":{"loc":{"start":{"line":163,"column":20},"end":{"line":163,"column":61}},"type":"binary-expr","locations":[{"start":{"line":163,"column":20},"end":{"line":163,"column":28}},{"start":{"line":163,"column":32},"end":{"line":163,"column":38}},{"start":{"line":163,"column":42},"end":{"line":163,"column":61}}],"line":163},"17":{"loc":{"start":{"line":164,"column":19},"end":{"line":164,"column":58}},"type":"binary-expr","locations":[{"start":{"line":164,"column":19},"end":{"line":164,"column":27}},{"start":{"line":164,"column":31},"end":{"line":164,"column":37}},{"start":{"line":164,"column":41},"end":{"line":164,"column":58}}],"line":164},"18":{"loc":{"start":{"line":176,"column":9},"end":{"line":180,"column":9}},"type":"binary-expr","locations":[{"start":{"line":176,"column":9},"end":{"line":176,"column":16}},{"start":{"line":177,"column":10},"end":{"line":179,"column":16}}],"line":176},"19":{"loc":{"start":{"line":182,"column":9},"end":{"line":186,"column":9}},"type":"binary-expr","locations":[{"start":{"line":182,"column":9},"end":{"line":182,"column":14}},{"start":{"line":183,"column":10},"end":{"line":185,"column":16}}],"line":182},"20":{"loc":{"start":{"line":188,"column":9},"end":{"line":192,"column":9}},"type":"binary-expr","locations":[{"start":{"line":188,"column":9},"end":{"line":188,"column":18}},{"start":{"line":189,"column":10},"end":{"line":191,"column":16}}],"line":188},"21":{"loc":{"start":{"line":194,"column":9},"end":{"line":200,"column":9}},"type":"binary-expr","locations":[{"start":{"line":194,"column":9},"end":{"line":194,"column":17}},{"start":{"line":195,"column":10},"end":{"line":199,"column":16}}],"line":194}},"s":{"0":0,"1":0,"2":0,"3":0,"4":0,"5":0,"6":0,"7":0,"8":0,"9":0,"10":2,"11":2,"12":2,"13":0},"f":{"0":0,"1":0,"2":0,"3":0,"4":0,"5":0,"6":0,"7":2,"8":0},"b":{"0":[0,0],"1":[0,0],"2":[0,0],"3":[0,0],"4":[0,0],"5":[0,0],"6":[0,0],"7":[0,0,0],"8":[0,0,0],"9":[0,0],"10":[0,0],"11":[0,0],"12":[0,0],"13":[0,0],"14":[0,0],"15":[0,0],"16":[2,0,0],"17":[2,0,0],"18":[2,2],"19":[2,0],"20":[2,0],"21":[2,0]},"_coverageSchema":"1a1c01bbd47fc00a2c39e90264f33305004495a9","hash":"6caf9cfde2090995971a4b2699978fa408269c82"}
,"/home/nakamize/projects/ujmikamiapp/frontend/src/components/Navbar.tsx": {"path":"/home/nakamize/projects/ujmikamiapp/frontend/src/components/Navbar.tsx","statementMap":{"0":{"start":{"line":9,"column":34},"end":{"line":9,"column":49}},"1":{"start":{"line":10,"column":34},"end":{"line":10,"column":46}},"2":{"start":{"line":12,"column":2},"end":{"line":31,"column":14}},"3":{"start":{"line":13,"column":25},"end":{"line":26,"column":5}},"4":{"start":{"line":14,"column":6},"end":{"line":14,"column":39}},"5":{"start":{"line":17,"column":24},"end":{"line":17,"column":44}},"6":{"start":{"line":18,"column":20},"end":{"line":18,"column":22}},"7":{"start":{"line":19,"column":6},"end":{"line":24,"column":7}},"8":{"start":{"line":20,"column":19},"end":{"line":20,"column":51}},"9":{"start":{"line":21,"column":8},"end":{"line":23,"column":9}},"10":{"start":{"line":22,"column":10},"end":{"line":22,"column":28}},"11":{"start":{"line":25,"column":6},"end":{"line":25,"column":27}},"12":{"start":{"line":28,"column":4},"end":{"line":28,"column":71}},"13":{"start":{"line":29,"column":4},"end":{"line":29,"column":19}},"14":{"start":{"line":30,"column":4},"end":{"line":30,"column":68}},"15":{"start":{"line":30,"column":17},"end":{"line":30,"column":67}},"16":{"start":{"line":33,"column":22},"end":{"line":40,"column":3}},"17":{"start":{"line":34,"column":15},"end":{"line":34,"column":42}},"18":{"start":{"line":35,"column":4},"end":{"line":39,"column":5}},"19":{"start":{"line":36,"column":19},"end":{"line":36,"column":21}},"20":{"start":{"line":37,"column":18},"end":{"line":37,"column":72}},"21":{"start":{"line":38,"column":6},"end":{"line":38,"column":51}},"22":{"start":{"line":42,"column":2},"end":{"line":59,"column":4}},"23":{"start":{"line":48,"column":12},"end":{"line":54,"column":21}},"24":{"start":{"line":51,"column":29},"end":{"line":51,"column":49}}},"fnMap":{"0":{"name":"Navbar","decl":{"start":{"line":8,"column":24},"end":{"line":8,"column":30}},"loc":{"start":{"line":8,"column":55},"end":{"line":60,"column":1}},"line":8},"1":{"name":"(anonymous_1)","decl":{"start":{"line":12,"column":12},"end":{"line":12,"column":13}},"loc":{"start":{"line":12,"column":18},"end":{"line":31,"column":3}},"line":12},"2":{"name":"(anonymous_2)","decl":{"start":{"line":13,"column":25},"end":{"line":13,"column":26}},"loc":{"start":{"line":13,"column":31},"end":{"line":26,"column":5}},"line":13},"3":{"name":"(anonymous_3)","decl":{"start":{"line":30,"column":11},"end":{"line":30,"column":12}},"loc":{"start":{"line":30,"column":17},"end":{"line":30,"column":67}},"line":30},"4":{"name":"(anonymous_4)","decl":{"start":{"line":33,"column":22},"end":{"line":33,"column":23}},"loc":{"start":{"line":33,"column":38},"end":{"line":40,"column":3}},"line":33},"5":{"name":"(anonymous_5)","decl":{"start":{"line":47,"column":21},"end":{"line":47,"column":22}},"loc":{"start":{"line":48,"column":12},"end":{"line":54,"column":21}},"line":48},"6":{"name":"(anonymous_6)","decl":{"start":{"line":51,"column":23},"end":{"line":51,"column":24}},"loc":{"start":{"line":51,"column":29},"end":{"line":51,"column":49}},"line":51}},"branchMap":{"0":{"loc":{"start":{"line":21,"column":8},"end":{"line":23,"column":9}},"type":"if","locations":[{"start":{"line":21,"column":8},"end":{"line":23,"column":9}},{"start":{},"end":{}}],"line":21},"1":{"loc":{"start":{"line":21,"column":12},"end":{"line":21,"column":43}},"type":"binary-expr","locations":[{"start":{"line":21,"column":12},"end":{"line":21,"column":14}},{"start":{"line":21,"column":18},"end":{"line":21,"column":43}}],"line":21},"2":{"loc":{"start":{"line":35,"column":4},"end":{"line":39,"column":5}},"type":"if","locations":[{"start":{"line":35,"column":4},"end":{"line":39,"column":5}},{"start":{},"end":{}}],"line":35},"3":{"loc":{"start":{"line":43,"column":29},"end":{"line":43,"column":63}},"type":"cond-expr","locations":[{"start":{"line":43,"column":40},"end":{"line":43,"column":58}},{"start":{"line":43,"column":61},"end":{"line":43,"column":63}}],"line":43},"4":{"loc":{"start":{"line":50,"column":39},"end":{"line":50,"column":76}},"type":"cond-expr","locations":[{"start":{"line":50,"column":62},"end":{"line":50,"column":71}},{"start":{"line":50,"column":74},"end":{"line":50,"column":76}}],"line":50}},"s":{"0":4,"1":4,"2":4,"3":2,"4":2,"5":2,"6":2,"7":2,"8":10,"9":10,"10":10,"11":2,"12":2,"13":2,"14":2,"15":2,"16":4,"17":0,"18":0,"19":0,"20":0,"21":0,"22":4,"23":20,"24":0},"f":{"0":4,"1":2,"2":2,"3":2,"4":0,"5":20,"6":0},"b":{"0":[10,0],"1":[10,10],"2":[0,0],"3":[0,4],"4":[2,18]},"_coverageSchema":"1a1c01bbd47fc00a2c39e90264f33305004495a9","hash":"6af890ecebb60b75ff6e28adc10b2a094f100bd1"}
,"/home/nakamize/projects/ujmikamiapp/frontend/src/components/Section.tsx": {"path":"/home/nakamize/projects/ujmikamiapp/frontend/src/components/Section.tsx","statementMap":{"0":{"start":{"line":67,"column":2},"end":{"line":117,"column":4}},"1":{"start":{"line":77,"column":14},"end":{"line":77,"column":101}},"2":{"start":{"line":85,"column":14},"end":{"line":85,"column":98}},"3":{"start":{"line":97,"column":14},"end":{"line":111,"column":20}},"4":{"start":{"line":107,"column":22},"end":{"line":107,"column":122}}},"fnMap":{"0":{"name":"Section","decl":{"start":{"line":66,"column":24},"end":{"line":66,"column":31}},"loc":{"start":{"line":66,"column":154},"end":{"line":118,"column":1}},"line":66},"1":{"name":"(anonymous_1)","decl":{"start":{"line":76,"column":23},"end":{"line":76,"column":24}},"loc":{"start":{"line":77,"column":14},"end":{"line":77,"column":101}},"line":77},"2":{"name":"(anonymous_2)","decl":{"start":{"line":84,"column":23},"end":{"line":84,"column":24}},"loc":{"start":{"line":85,"column":14},"end":{"line":85,"column":98}},"line":85},"3":{"name":"(anonymous_3)","decl":{"start":{"line":96,"column":30},"end":{"line":96,"column":31}},"loc":{"start":{"line":97,"column":14},"end":{"line":111,"column":20}},"line":97},"4":{"name":"(anonymous_4)","decl":{"start":{"line":106,"column":48},"end":{"line":106,"column":49}},"loc":{"start":{"line":107,"column":22},"end":{"line":107,"column":122}},"line":107}},"branchMap":{"0":{"loc":{"start":{"line":66,"column":51},"end":{"line":66,"column":61}},"type":"default-arg","locations":[{"start":{"line":66,"column":59},"end":{"line":66,"column":61}}],"line":66},"1":{"loc":{"start":{"line":66,"column":63},"end":{"line":66,"column":73}},"type":"default-arg","locations":[{"start":{"line":66,"column":71},"end":{"line":66,"column":73}}],"line":66},"2":{"loc":{"start":{"line":66,"column":75},"end":{"line":66,"column":92}},"type":"default-arg","locations":[{"start":{"line":66,"column":90},"end":{"line":66,"column":92}}],"line":66},"3":{"loc":{"start":{"line":66,"column":94},"end":{"line":66,"column":110}},"type":"default-arg","locations":[{"start":{"line":66,"column":108},"end":{"line":66,"column":110}}],"line":66},"4":{"loc":{"start":{"line":70,"column":9},"end":{"line":70,"column":70}},"type":"binary-expr","locations":[{"start":{"line":70,"column":9},"end":{"line":70,"column":16}},{"start":{"line":70,"column":20},"end":{"line":70,"column":70}}],"line":70},"5":{"loc":{"start":{"line":72,"column":9},"end":{"line":72,"column":55}},"type":"binary-expr","locations":[{"start":{"line":72,"column":9},"end":{"line":72,"column":13}},{"start":{"line":72,"column":17},"end":{"line":72,"column":55}}],"line":72},"6":{"loc":{"start":{"line":74,"column":9},"end":{"line":80,"column":9}},"type":"binary-expr","locations":[{"start":{"line":74,"column":9},"end":{"line":74,"column":25}},{"start":{"line":75,"column":10},"end":{"line":79,"column":16}}],"line":74},"7":{"loc":{"start":{"line":82,"column":9},"end":{"line":88,"column":9}},"type":"binary-expr","locations":[{"start":{"line":82,"column":9},"end":{"line":82,"column":25}},{"start":{"line":83,"column":10},"end":{"line":87,"column":16}}],"line":82},"8":{"loc":{"start":{"line":90,"column":9},"end":{"line":92,"column":9}},"type":"binary-expr","locations":[{"start":{"line":90,"column":9},"end":{"line":90,"column":30}},{"start":{"line":91,"column":12},"end":{"line":91,"column":56}}],"line":90},"9":{"loc":{"start":{"line":94,"column":9},"end":{"line":114,"column":9}},"type":"binary-expr","locations":[{"start":{"line":94,"column":9},"end":{"line":94,"column":32}},{"start":{"line":95,"column":10},"end":{"line":113,"column":16}}],"line":94},"10":{"loc":{"start":{"line":101,"column":19},"end":{"line":101,"column":81}},"type":"binary-expr","locations":[{"start":{"line":101,"column":19},"end":{"line":101,"column":31}},{"start":{"line":101,"column":35},"end":{"line":101,"column":81}}],"line":101},"11":{"loc":{"start":{"line":104,"column":19},"end":{"line":104,"column":83}},"type":"binary-expr","locations":[{"start":{"line":104,"column":19},"end":{"line":104,"column":34}},{"start":{"line":104,"column":38},"end":{"line":104,"column":83}}],"line":104},"12":{"loc":{"start":{"line":106,"column":21},"end":{"line":108,"column":22}},"type":"binary-expr","locations":[{"start":{"line":106,"column":21},"end":{"line":106,"column":30}},{"start":{"line":106,"column":34},"end":{"line":108,"column":22}}],"line":106}},"s":{"0":8,"1":0,"2":0,"3":0,"4":0},"f":{"0":8,"1":0,"2":0,"3":0,"4":0},"b":{"0":[6],"1":[6],"2":[6],"3":[6],"4":[8,8],"5":[8,4],"6":[8,2],"7":[8,2],"8":[8,2],"9":[8,2],"10":[0,0],"11":[0,0],"12":[0,0]},"_coverageSchema":"1a1c01bbd47fc00a2c39e90264f33305004495a9","hash":"bb83144635f650b7e669f8c9b30617d7608b37c3"}
,"/home/nakamize/projects/ujmikamiapp/frontend/src/components/WorkExperience.tsx": {"path":"/home/nakamize/projects/ujmikamiapp/frontend/src/components/WorkExperience.tsx","statementMap":{"0":{"start":{"line":23,"column":2},"end":{"line":54,"column":4}},"1":{"start":{"line":46,"column":14},"end":{"line":48,"column":19}},"2":{"start":{"line":58,"column":2},"end":{"line":60,"column":3}},"3":{"start":{"line":59,"column":4},"end":{"line":59,"column":16}},"4":{"start":{"line":62,"column":2},"end":{"line":68,"column":4}},"5":{"start":{"line":65,"column":8},"end":{"line":65,"column":49}}},"fnMap":{"0":{"name":"ExperienceCard","decl":{"start":{"line":22,"column":9},"end":{"line":22,"column":23}},"loc":{"start":{"line":22,"column":62},"end":{"line":55,"column":1}},"line":22},"1":{"name":"(anonymous_1)","decl":{"start":{"line":45,"column":34},"end":{"line":45,"column":35}},"loc":{"start":{"line":46,"column":14},"end":{"line":48,"column":19}},"line":46},"2":{"name":"WorkExperience","decl":{"start":{"line":57,"column":24},"end":{"line":57,"column":38}},"loc":{"start":{"line":57,"column":77},"end":{"line":69,"column":1}},"line":57},"3":{"name":"(anonymous_3)","decl":{"start":{"line":64,"column":23},"end":{"line":64,"column":24}},"loc":{"start":{"line":65,"column":8},"end":{"line":65,"column":49}},"line":65}},"branchMap":{"0":{"loc":{"start":{"line":26,"column":9},"end":{"line":26,"column":58}},"type":"binary-expr","locations":[{"start":{"line":26,"column":9},"end":{"line":26,"column":20}},{"start":{"line":26,"column":24},"end":{"line":26,"column":58}}],"line":26},"1":{"loc":{"start":{"line":43,"column":9},"end":{"line":51,"column":9}},"type":"binary-expr","locations":[{"start":{"line":43,"column":9},"end":{"line":43,"column":36}},{"start":{"line":44,"column":10},"end":{"line":50,"column":15}}],"line":43},"2":{"loc":{"start":{"line":58,"column":2},"end":{"line":60,"column":3}},"type":"if","locations":[{"start":{"line":58,"column":2},"end":{"line":60,"column":3}},{"start":{},"end":{}}],"line":58}},"s":{"0":0,"1":0,"2":2,"3":2,"4":0,"5":0},"f":{"0":0,"1":0,"2":2,"3":0},"b":{"0":[0,0],"1":[0,0],"2":[2,0]},"_coverageSchema":"1a1c01bbd47fc00a2c39e90264f33305004495a9","hash":"07a0f4e20c79d397603aec99a1046f17f1c3c9ff"}
}
