TN:
SF:src/App.tsx
FN:88,normalizeImageUrl
FN:106,App
FN:115,(anonymous_2)
FN:118,fetchExperiences
FN:132,fetchProjects
FN:144,(anonymous_5)
FN:158,fetchPublications
FN:175,fetchAboutMe
FN:192,fetchMLModels
FN:223,(anonymous_9)
FN:248,(anonymous_10)
FNF:11
FNH:9
FNDA:0,normalizeImageUrl
FNDA:2,App
FNDA:2,(anonymous_2)
FNDA:2,fetchExperiences
FNDA:2,fetchProjects
FNDA:0,(anonymous_5)
FNDA:2,fetchPublications
FNDA:2,fetchAboutMe
FNDA:2,fetchMLModels
FNDA:2,(anonymous_9)
FNDA:14,(anonymous_10)
DA:81,1
DA:86,1
DA:89,0
DA:90,0
DA:92,0
DA:93,0
DA:95,0
DA:98,1
DA:107,2
DA:108,2
DA:109,2
DA:110,2
DA:111,2
DA:112,2
DA:113,2
DA:115,2
DA:116,2
DA:119,2
DA:120,2
DA:121,0
DA:123,0
DA:124,0
DA:125,0
DA:133,2
DA:134,2
DA:135,0
DA:136,0
DA:139,0
DA:140,0
DA:141,0
DA:144,0
DA:152,0
DA:159,2
DA:160,2
DA:161,0
DA:162,0
DA:165,0
DA:166,0
DA:167,0
DA:169,0
DA:176,2
DA:177,2
DA:178,0
DA:179,0
DA:182,0
DA:183,0
DA:184,0
DA:186,0
DA:193,2
DA:194,2
DA:195,0
DA:197,0
DA:198,0
DA:201,0
DA:202,0
DA:203,0
DA:204,0
DA:206,0
DA:209,2
DA:210,2
DA:213,2
DA:218,2
DA:219,2
DA:220,2
DA:221,2
DA:222,2
DA:223,2
DA:224,2
DA:228,2
DA:230,2
DA:248,14
LF:71
LH:35
BRDA:86,0,0,1
BRDA:86,0,1,1
BRDA:89,1,0,0
BRDA:89,1,1,0
BRDA:92,2,0,0
BRDA:92,2,1,0
BRDA:92,3,0,0
BRDA:92,3,1,0
BRDA:121,4,0,0
BRDA:121,4,1,0
BRDA:124,5,0,0
BRDA:124,5,1,0
BRDA:124,6,0,0
BRDA:124,6,1,0
BRDA:124,6,2,0
BRDA:135,7,0,0
BRDA:135,7,1,0
BRDA:140,8,0,0
BRDA:140,8,1,0
BRDA:140,9,0,0
BRDA:140,9,1,0
BRDA:140,9,2,0
BRDA:161,10,0,0
BRDA:161,10,1,0
BRDA:166,11,0,0
BRDA:166,11,1,0
BRDA:166,12,0,0
BRDA:166,12,1,0
BRDA:166,12,2,0
BRDA:178,13,0,0
BRDA:178,13,1,0
BRDA:183,14,0,0
BRDA:183,14,1,0
BRDA:183,15,0,0
BRDA:183,15,1,0
BRDA:183,15,2,0
BRDA:195,16,0,0
BRDA:195,16,1,0
BRDA:197,17,0,0
BRDA:197,17,1,0
BRDA:202,18,0,0
BRDA:202,18,1,0
BRDA:203,19,0,0
BRDA:203,19,1,0
BRDA:203,20,0,0
BRDA:203,20,1,0
BRDA:209,21,0,2
BRDA:209,21,1,0
BRDA:211,22,0,2
BRDA:211,22,1,0
BRDA:228,23,0,0
BRDA:228,23,1,2
BRF:52
BRH:5
end_of_record
TN:
SF:src/index.tsx
FNF:0
FNH:0
DA:6,0
DA:7,0
DA:8,0
LF:3
LH:0
BRF:0
BRH:0
end_of_record
TN:
SF:src/components/Card.tsx
FN:17,Card
FN:32,(anonymous_1)
FNF:2
FNH:0
FNDA:0,Card
FNDA:0,(anonymous_1)
DA:18,0
DA:33,0
LF:2
LH:0
BRDA:20,0,0,0
BRDA:20,0,1,0
BRDA:29,1,0,0
BRDA:29,1,1,0
BRDA:30,2,0,0
BRDA:30,2,1,0
BRDA:30,2,2,0
BRF:7
BRH:0
end_of_record
TN:
SF:src/components/ChatWidget.tsx
FN:20,createMessage
FN:25,ChatWidget
FN:35,(anonymous_2)
FN:42,handleFeedScroll
FN:49,sendMessage
FN:50,(anonymous_5)
FN:53,(anonymous_6)
FN:61,(anonymous_7)
FN:91,(anonymous_8)
FN:94,(anonymous_9)
FN:95,(anonymous_10)
FN:100,(anonymous_11)
FN:108,handleSubmit
FN:127,(anonymous_13)
FN:139,(anonymous_14)
FN:160,(anonymous_15)
FN:174,(anonymous_16)
FN:174,(anonymous_17)
FNF:18
FNH:11
FNDA:2,createMessage
FNDA:34,ChatWidget
FNDA:5,(anonymous_2)
FNDA:0,handleFeedScroll
FNDA:1,sendMessage
FNDA:1,(anonymous_5)
FNDA:1,(anonymous_6)
FNDA:0,(anonymous_7)
FNDA:0,(anonymous_8)
FNDA:0,(anonymous_9)
FNDA:0,(anonymous_10)
FNDA:0,(anonymous_11)
FNDA:1,handleSubmit
FNDA:0,(anonymous_13)
FNDA:2,(anonymous_14)
FNDA:27,(anonymous_15)
FNDA:2,(anonymous_16)
FNDA:2,(anonymous_17)
DA:5,2
DA:6,2
DA:8,2
DA:18,2
DA:21,2
DA:22,2
DA:26,34
DA:27,34
DA:28,34
DA:29,34
DA:30,34
DA:32,34
DA:33,34
DA:35,34
DA:36,5
DA:37,5
DA:38,5
DA:43,0
DA:44,0
DA:45,0
DA:46,0
DA:50,1
DA:52,1
DA:53,1
DA:54,1
DA:57,0
DA:58,0
DA:60,0
DA:61,0
DA:63,0
DA:64,0
DA:71,0
DA:72,0
DA:75,0
DA:76,0
DA:77,0
DA:79,0
DA:80,0
DA:81,0
DA:83,0
DA:84,0
DA:86,0
DA:87,0
DA:88,0
DA:89,0
DA:90,0
DA:91,0
DA:93,0
DA:94,0
DA:95,0
DA:100,0
DA:102,0
DA:103,0
DA:104,0
DA:109,1
DA:110,1
DA:111,1
DA:112,1
DA:113,1
DA:116,34
DA:118,34
DA:127,0
DA:140,2
DA:160,27
DA:174,2
LF:65
LH:31
BRDA:37,0,0,5
BRDA:37,0,1,0
BRDA:37,1,0,5
BRDA:37,1,1,5
BRDA:44,2,0,0
BRDA:44,2,1,0
BRDA:52,3,0,1
BRDA:52,3,1,0
BRDA:71,4,0,0
BRDA:71,4,1,0
BRDA:71,5,0,0
BRDA:71,5,1,0
BRDA:81,6,0,0
BRDA:81,6,1,0
BRDA:84,7,0,0
BRDA:84,7,1,0
BRDA:86,8,0,0
BRDA:86,8,1,0
BRDA:95,9,0,0
BRDA:95,9,1,0
BRDA:111,10,0,0
BRDA:111,10,1,1
BRDA:111,11,0,1
BRDA:111,11,1,1
BRDA:111,11,2,1
BRDA:116,12,0,34
BRDA:116,12,1,34
BRDA:120,13,0,30
BRDA:120,13,1,4
BRDA:134,14,0,34
BRDA:134,14,1,33
BRDA:147,15,0,34
BRDA:147,15,1,0
BRDA:164,16,0,34
BRDA:164,16,1,34
BRDA:173,17,0,30
BRDA:173,17,1,4
BRDA:176,18,0,30
BRDA:176,18,1,4
BRF:39
BRH:21
end_of_record
TN:
SF:src/components/Footer.tsx
FN:3,Footer
FNF:1
FNH:1
FNDA:2,Footer
DA:4,2
LF:1
LH:1
BRF:0
BRH:0
end_of_record
TN:
SF:src/components/Item.tsx
FN:10,Item
FNF:1
FNH:0
FNDA:0,Item
DA:11,0
LF:1
LH:0
BRDA:13,0,0,0
BRDA:13,0,1,0
BRDA:14,1,0,0
BRDA:14,1,1,0
BRF:4
BRH:0
end_of_record
TN:
SF:src/components/MLShowcase.tsx
FN:29,formatMetricKey
FN:32,(anonymous_1)
FN:35,formatMetricValue
FN:43,MLModelCard
FN:76,(anonymous_4)
FN:90,(anonymous_5)
FN:108,(anonymous_6)
FN:162,MLShowcase
FN:196,(anonymous_8)
FNF:9
FNH:1
FNDA:0,formatMetricKey
FNDA:0,(anonymous_1)
FNDA:0,formatMetricValue
FNDA:0,MLModelCard
FNDA:0,(anonymous_4)
FNDA:0,(anonymous_5)
FNDA:0,(anonymous_6)
FNDA:2,MLShowcase
FNDA:0,(anonymous_8)
DA:30,0
DA:32,0
DA:36,0
DA:37,0
DA:39,0
DA:44,0
DA:46,0
DA:77,0
DA:91,0
DA:108,0
DA:163,2
DA:164,2
DA:166,2
DA:197,0
LF:14
LH:3
BRDA:36,0,0,0
BRDA:36,0,1,0
BRDA:37,1,0,0
BRDA:37,1,1,0
BRDA:50,2,0,0
BRDA:50,2,1,0
BRDA:55,3,0,0
BRDA:55,3,1,0
BRDA:60,4,0,0
BRDA:60,4,1,0
BRDA:63,5,0,0
BRDA:63,5,1,0
BRDA:74,6,0,0
BRDA:74,6,1,0
BRDA:88,7,0,0
BRDA:88,7,1,0
BRDA:88,7,2,0
BRDA:105,8,0,0
BRDA:105,8,1,0
BRDA:105,8,2,0
BRDA:107,9,0,0
BRDA:107,9,1,0
BRDA:111,10,0,0
BRDA:111,10,1,0
BRDA:116,11,0,0
BRDA:116,11,1,0
BRDA:118,12,0,0
BRDA:118,12,1,0
BRDA:124,13,0,0
BRDA:124,13,1,0
BRDA:130,14,0,0
BRDA:130,14,1,0
BRDA:134,15,0,0
BRDA:134,15,1,0
BRDA:163,16,0,2
BRDA:163,16,1,0
BRDA:163,16,2,0
BRDA:164,17,0,2
BRDA:164,17,1,0
BRDA:164,17,2,0
BRDA:176,18,0,2
BRDA:176,18,1,2
BRDA:182,19,0,2
BRDA:182,19,1,0
BRDA:188,20,0,2
BRDA:188,20,1,0
BRDA:194,21,0,2
BRDA:194,21,1,0
BRF:48
BRH:7
end_of_record
TN:
SF:src/components/Navbar.tsx
FN:8,Navbar
FN:12,(anonymous_1)
FN:13,(anonymous_2)
FN:30,(anonymous_3)
FN:33,(anonymous_4)
FN:47,(anonymous_5)
FN:51,(anonymous_6)
FNF:7
FNH:5
FNDA:4,Navbar
FNDA:2,(anonymous_1)
FNDA:2,(anonymous_2)
FNDA:2,(anonymous_3)
FNDA:0,(anonymous_4)
FNDA:20,(anonymous_5)
FNDA:0,(anonymous_6)
DA:9,4
DA:10,4
DA:12,4
DA:13,2
DA:14,2
DA:17,2
DA:18,2
DA:19,2
DA:20,10
DA:21,10
DA:22,10
DA:25,2
DA:28,2
DA:29,2
DA:30,2
DA:33,4
DA:34,0
DA:35,0
DA:36,0
DA:37,0
DA:38,0
DA:42,4
DA:48,20
DA:51,0
LF:24
LH:18
BRDA:21,0,0,10
BRDA:21,0,1,0
BRDA:21,1,0,10
BRDA:21,1,1,10
BRDA:35,2,0,0
BRDA:35,2,1,0
BRDA:43,3,0,0
BRDA:43,3,1,4
BRDA:50,4,0,2
BRDA:50,4,1,18
BRF:10
BRH:6
end_of_record
TN:
SF:src/components/Section.tsx
FN:66,Section
FN:76,(anonymous_1)
FN:84,(anonymous_2)
FN:96,(anonymous_3)
FN:106,(anonymous_4)
FNF:5
FNH:1
FNDA:8,Section
FNDA:0,(anonymous_1)
FNDA:0,(anonymous_2)
FNDA:0,(anonymous_3)
FNDA:0,(anonymous_4)
DA:67,8
DA:77,0
DA:85,0
DA:97,0
DA:107,0
LF:5
LH:1
BRDA:66,0,0,6
BRDA:66,1,0,6
BRDA:66,2,0,6
BRDA:66,3,0,6
BRDA:70,4,0,8
BRDA:70,4,1,8
BRDA:72,5,0,8
BRDA:72,5,1,4
BRDA:74,6,0,8
BRDA:74,6,1,2
BRDA:82,7,0,8
BRDA:82,7,1,2
BRDA:90,8,0,8
BRDA:90,8,1,2
BRDA:94,9,0,8
BRDA:94,9,1,2
BRDA:101,10,0,0
BRDA:101,10,1,0
BRDA:104,11,0,0
BRDA:104,11,1,0
BRDA:106,12,0,0
BRDA:106,12,1,0
BRF:22
BRH:16
end_of_record
TN:
SF:src/components/WorkExperience.tsx
FN:22,ExperienceCard
FN:45,(anonymous_1)
FN:57,WorkExperience
FN:64,(anonymous_3)
FNF:4
FNH:1
FNDA:0,ExperienceCard
FNDA:0,(anonymous_1)
FNDA:2,WorkExperience
FNDA:0,(anonymous_3)
DA:23,0
DA:46,0
DA:58,2
DA:59,2
DA:62,0
DA:65,0
LF:6
LH:2
BRDA:26,0,0,0
BRDA:26,0,1,0
BRDA:43,1,0,0
BRDA:43,1,1,0
BRDA:58,2,0,2
BRDA:58,2,1,0
BRF:6
BRH:1
end_of_record
